Oct 05, 2013 4:29:36 PM org.apache.solr.core.SolrResourceLoader locateSolrHome
INFO: JNDI not configured for solr (NoInitialContextEx)
Oct 05, 2013 4:29:36 PM org.apache.solr.core.SolrResourceLoader locateSolrHome
INFO: using system property solr.solr.home: /Users/travispayne/Sites/ruby/test_tracker/solr
Oct 05, 2013 4:29:36 PM org.apache.solr.core.SolrResourceLoader <init>
INFO: Solr home set to '/Users/travispayne/Sites/ruby/test_tracker/solr/'
Oct 05, 2013 4:29:36 PM org.apache.solr.servlet.SolrDispatchFilter init
INFO: SolrDispatchFilter.init()
Oct 05, 2013 4:29:36 PM org.apache.solr.core.SolrResourceLoader locateSolrHome
INFO: JNDI not configured for solr (NoInitialContextEx)
Oct 05, 2013 4:29:36 PM org.apache.solr.core.SolrResourceLoader locateSolrHome
INFO: using system property solr.solr.home: /Users/travispayne/Sites/ruby/test_tracker/solr
Oct 05, 2013 4:29:36 PM org.apache.solr.core.CoreContainer$Initializer initialize
INFO: looking for solr.xml: /Users/travispayne/Sites/ruby/test_tracker/solr/solr.xml
Oct 05, 2013 4:29:36 PM org.apache.solr.core.SolrResourceLoader locateSolrHome
INFO: JNDI not configured for solr (NoInitialContextEx)
Oct 05, 2013 4:29:36 PM org.apache.solr.core.SolrResourceLoader locateSolrHome
INFO: using system property solr.solr.home: /Users/travispayne/Sites/ruby/test_tracker/solr
Oct 05, 2013 4:29:36 PM org.apache.solr.core.CoreContainer <init>
INFO: New CoreContainer: solrHome=/Users/travispayne/Sites/ruby/test_tracker/solr/ instance=61719240
Oct 05, 2013 4:29:36 PM org.apache.solr.core.SolrResourceLoader <init>
INFO: Solr home set to '/Users/travispayne/Sites/ruby/test_tracker/solr/'
Oct 05, 2013 4:29:36 PM org.apache.solr.core.SolrResourceLoader <init>
INFO: Solr home set to '/Users/travispayne/Sites/ruby/test_tracker/solr/./'
Oct 05, 2013 4:29:36 PM org.apache.solr.core.SolrConfig initLibs
INFO: Adding specified lib dirs to ClassLoader
Oct 05, 2013 4:29:36 PM org.apache.solr.core.Config getLuceneVersion
WARNING: the luceneMatchVersion is not specified, defaulting to LUCENE_24 emulation. You should at some point declare and reindex to at least 3.0, because 2.4 emulation is deprecated and will be removed in 4.0. This parameter will be mandatory in 4.0.
Oct 05, 2013 4:29:36 PM org.apache.solr.core.SolrConfig <init>
INFO: Using Lucene MatchVersion: LUCENE_24
Oct 05, 2013 4:29:36 PM org.apache.solr.core.SolrConfig <init>
WARNING: Deprecated syntax found. <highlighting/> should move to <searchComponent/>
Oct 05, 2013 4:29:36 PM org.apache.solr.core.SolrConfig <init>
INFO: Loaded SolrConfig: solrconfig.xml
Oct 05, 2013 4:29:36 PM org.apache.solr.schema.IndexSchema readSchema
INFO: Reading Solr Schema
Oct 05, 2013 4:29:37 PM org.apache.solr.schema.IndexSchema readSchema
INFO: Schema name=sunspot
Oct 05, 2013 4:29:37 PM org.apache.solr.util.plugin.AbstractPluginLoader load
INFO: created string: org.apache.solr.schema.StrField
Oct 05, 2013 4:29:37 PM org.apache.solr.util.plugin.AbstractPluginLoader load
INFO: created tdouble: org.apache.solr.schema.TrieDoubleField
Oct 05, 2013 4:29:37 PM org.apache.solr.util.plugin.AbstractPluginLoader load
INFO: created rand: org.apache.solr.schema.RandomSortField
Oct 05, 2013 4:29:37 PM org.apache.solr.util.plugin.AbstractPluginLoader load
INFO: created : org.apache.solr.analysis.StandardTokenizerFactory
Oct 05, 2013 4:29:37 PM org.apache.solr.analysis.BaseTokenStreamFactory assureMatchVersion
WARNING: StandardTokenizerFactory is using deprecated LUCENE_24 emulation. You should at some point declare and reindex to at least 3.0, because 2.x emulation is deprecated and will be removed in 4.0
Oct 05, 2013 4:29:37 PM org.apache.solr.util.plugin.AbstractPluginLoader load
INFO: created : org.apache.solr.analysis.StandardFilterFactory
Oct 05, 2013 4:29:37 PM org.apache.solr.analysis.BaseTokenStreamFactory assureMatchVersion
WARNING: StandardFilterFactory is using deprecated LUCENE_24 emulation. You should at some point declare and reindex to at least 3.0, because 2.x emulation is deprecated and will be removed in 4.0
Oct 05, 2013 4:29:37 PM org.apache.solr.util.plugin.AbstractPluginLoader load
INFO: created : org.apache.solr.analysis.LowerCaseFilterFactory
Oct 05, 2013 4:29:37 PM org.apache.solr.analysis.BaseTokenStreamFactory assureMatchVersion
WARNING: LowerCaseFilterFactory is using deprecated LUCENE_24 emulation. You should at some point declare and reindex to at least 3.0, because 2.x emulation is deprecated and will be removed in 4.0
Oct 05, 2013 4:29:37 PM org.apache.solr.util.plugin.AbstractPluginLoader load
INFO: created : org.apache.solr.analysis.PorterStemFilterFactory
Oct 05, 2013 4:29:37 PM org.apache.solr.util.plugin.AbstractPluginLoader load
INFO: created text: org.apache.solr.schema.TextField
Oct 05, 2013 4:29:37 PM org.apache.solr.util.plugin.AbstractPluginLoader load
INFO: created boolean: org.apache.solr.schema.BoolField
Oct 05, 2013 4:29:37 PM org.apache.solr.util.plugin.AbstractPluginLoader load
INFO: created date: org.apache.solr.schema.DateField
Oct 05, 2013 4:29:37 PM org.apache.solr.util.plugin.AbstractPluginLoader load
INFO: created sdouble: org.apache.solr.schema.SortableDoubleField
Oct 05, 2013 4:29:37 PM org.apache.solr.util.plugin.AbstractPluginLoader load
INFO: created sfloat: org.apache.solr.schema.SortableFloatField
Oct 05, 2013 4:29:37 PM org.apache.solr.util.plugin.AbstractPluginLoader load
INFO: created sint: org.apache.solr.schema.SortableIntField
Oct 05, 2013 4:29:37 PM org.apache.solr.util.plugin.AbstractPluginLoader load
INFO: created slong: org.apache.solr.schema.SortableLongField
Oct 05, 2013 4:29:37 PM org.apache.solr.util.plugin.AbstractPluginLoader load
INFO: created tint: org.apache.solr.schema.TrieIntField
Oct 05, 2013 4:29:37 PM org.apache.solr.util.plugin.AbstractPluginLoader load
INFO: created tfloat: org.apache.solr.schema.TrieFloatField
Oct 05, 2013 4:29:37 PM org.apache.solr.util.plugin.AbstractPluginLoader load
INFO: created tdate: org.apache.solr.schema.TrieDateField
Oct 05, 2013 4:29:37 PM org.apache.solr.util.plugin.AbstractPluginLoader load
INFO: created location: org.apache.solr.schema.LatLonType
Oct 05, 2013 4:29:37 PM org.apache.solr.schema.IndexSchema readSchema
INFO: default search field is text
Oct 05, 2013 4:29:37 PM org.apache.solr.schema.IndexSchema readSchema
INFO: query parser default operator is AND
Oct 05, 2013 4:29:37 PM org.apache.solr.schema.IndexSchema readSchema
INFO: unique key field: id
Oct 05, 2013 4:29:37 PM org.apache.solr.core.SolrCore <init>
INFO: [] Opening new SolrCore at /Users/travispayne/Sites/ruby/test_tracker/solr/./, dataDir=/Users/travispayne/Sites/ruby/test_tracker/solr/data/development/
Oct 05, 2013 4:29:37 PM org.apache.solr.core.JmxMonitoredMap <init>
INFO: No JMX servers found, not exposing Solr information with JMX.
Oct 05, 2013 4:29:37 PM org.apache.solr.core.SolrCore initListeners
INFO: [] Added SolrEventListener for newSearcher: org.apache.solr.core.QuerySenderListener{queries=[]}
Oct 05, 2013 4:29:37 PM org.apache.solr.core.SolrCore initListeners
INFO: [] Added SolrEventListener for firstSearcher: org.apache.solr.core.QuerySenderListener{queries=[{q=solr rocks,start=0,rows=10}, {q=static firstSearcher warming query from solrconfig.xml}]}
Oct 05, 2013 4:29:37 PM org.apache.solr.core.SolrCore initIndex
WARNING: [] Solr index directory '/Users/travispayne/Sites/ruby/test_tracker/solr/data/development/index' doesn't exist. Creating new index...
Oct 05, 2013 4:29:37 PM org.apache.solr.core.SolrDeletionPolicy onCommit
INFO: SolrDeletionPolicy.onCommit: commits:num=1
	commit{dir=/Users/travispayne/Sites/ruby/test_tracker/solr/data/development/index,segFN=segments_1,version=1381008577372,generation=1,filenames=[segments_1]
Oct 05, 2013 4:29:37 PM org.apache.solr.core.SolrDeletionPolicy updateCommits
INFO: newest commit = 1381008577372
Oct 05, 2013 4:29:37 PM org.apache.solr.request.XSLTResponseWriter <init>
WARNING: org.apache.solr.request.XSLTResponseWriter is deprecated. Please use the corresponding class in org.apache.solr.response
Oct 05, 2013 4:29:37 PM org.apache.solr.response.XSLTResponseWriter init
INFO: xsltCacheLifetimeSeconds=5
Oct 05, 2013 4:29:37 PM org.apache.solr.core.RequestHandlers initHandlersFromConfig
INFO: created standard: solr.SearchHandler
Oct 05, 2013 4:29:37 PM org.apache.solr.core.RequestHandlers initHandlersFromConfig
INFO: created dismax: solr.SearchHandler
Oct 05, 2013 4:29:37 PM org.apache.solr.core.RequestHandlers initHandlersFromConfig
INFO: created partitioned: solr.SearchHandler
Oct 05, 2013 4:29:37 PM org.apache.solr.core.RequestHandlers initHandlersFromConfig
INFO: created /spell: solr.SearchHandler
Oct 05, 2013 4:29:37 PM org.apache.solr.core.RequestHandlers initHandlersFromConfig
INFO: created tvrh: org.apache.solr.handler.component.SearchHandler
Oct 05, 2013 4:29:37 PM org.apache.solr.core.RequestHandlers initHandlersFromConfig
INFO: adding lazy requestHandler: org.apache.solr.handler.extraction.ExtractingRequestHandler
Oct 05, 2013 4:29:37 PM org.apache.solr.core.RequestHandlers initHandlersFromConfig
INFO: created /update/extract: org.apache.solr.handler.extraction.ExtractingRequestHandler
Oct 05, 2013 4:29:37 PM org.apache.solr.core.RequestHandlers initHandlersFromConfig
INFO: created /terms: org.apache.solr.handler.component.SearchHandler
Oct 05, 2013 4:29:37 PM org.apache.solr.core.RequestHandlers initHandlersFromConfig
INFO: adding lazy requestHandler: solr.SearchHandler
Oct 05, 2013 4:29:37 PM org.apache.solr.core.RequestHandlers initHandlersFromConfig
INFO: created /elevate: solr.SearchHandler
Oct 05, 2013 4:29:37 PM org.apache.solr.core.RequestHandlers initHandlersFromConfig
INFO: created /update: solr.XmlUpdateRequestHandler
Oct 05, 2013 4:29:37 PM org.apache.solr.core.RequestHandlers initHandlersFromConfig
INFO: created /update/javabin: solr.BinaryUpdateRequestHandler
Oct 05, 2013 4:29:37 PM org.apache.solr.core.RequestHandlers initHandlersFromConfig
INFO: created /analysis/document: solr.DocumentAnalysisRequestHandler
Oct 05, 2013 4:29:37 PM org.apache.solr.core.RequestHandlers initHandlersFromConfig
INFO: created /analysis/field: solr.FieldAnalysisRequestHandler
Oct 05, 2013 4:29:37 PM org.apache.solr.core.RequestHandlers initHandlersFromConfig
INFO: adding lazy requestHandler: solr.CSVRequestHandler
Oct 05, 2013 4:29:37 PM org.apache.solr.core.RequestHandlers initHandlersFromConfig
INFO: created /update/csv: solr.CSVRequestHandler
Oct 05, 2013 4:29:37 PM org.apache.solr.core.RequestHandlers initHandlersFromConfig
INFO: created /admin/: org.apache.solr.handler.admin.AdminHandlers
Oct 05, 2013 4:29:37 PM org.apache.solr.core.RequestHandlers initHandlersFromConfig
INFO: created /admin/ping: PingRequestHandler
Oct 05, 2013 4:29:37 PM org.apache.solr.core.RequestHandlers initHandlersFromConfig
INFO: created /debug/dump: solr.DumpRequestHandler
Oct 05, 2013 4:29:37 PM org.apache.solr.core.RequestHandlers initHandlersFromConfig
INFO: created /mlt: solr.MoreLikeThisHandler
Oct 05, 2013 4:29:37 PM org.apache.solr.search.SolrIndexSearcher <init>
INFO: Opening Searcher@77aa13c5 main
Oct 05, 2013 4:29:37 PM org.apache.solr.update.CommitTracker <init>
INFO: commitTracker AutoCommit: disabled
Oct 05, 2013 4:29:37 PM org.apache.solr.handler.component.SpellCheckComponent inform
INFO: Initializing spell checkers
Oct 05, 2013 4:29:37 PM org.apache.solr.handler.component.SpellCheckComponent inform
WARNING: No queryConverter defined, using default converter
Oct 05, 2013 4:29:37 PM org.apache.solr.handler.component.QueryElevationComponent inform
INFO: Loading QueryElevation from: /Users/travispayne/Sites/ruby/test_tracker/solr/./conf/elevate.xml
Oct 05, 2013 4:29:37 PM org.apache.solr.handler.component.SearchHandler inform
INFO: Adding  component:org.apache.solr.handler.component.QueryComponent@39d3da65
Oct 05, 2013 4:29:37 PM org.apache.solr.handler.component.SearchHandler inform
INFO: Adding  component:org.apache.solr.handler.component.FacetComponent@3a73a8c
Oct 05, 2013 4:29:37 PM org.apache.solr.handler.component.SearchHandler inform
INFO: Adding  component:org.apache.solr.handler.component.MoreLikeThisComponent@57f4bf33
Oct 05, 2013 4:29:37 PM org.apache.solr.handler.component.SearchHandler inform
INFO: Adding  component:org.apache.solr.handler.component.HighlightComponent@534da62
Oct 05, 2013 4:29:37 PM org.apache.solr.handler.component.SearchHandler inform
INFO: Adding  component:org.apache.solr.handler.component.StatsComponent@50ed5a99
Oct 05, 2013 4:29:37 PM org.apache.solr.handler.component.SearchHandler inform
INFO: Adding  debug component:org.apache.solr.handler.component.DebugComponent@ed71c51
Oct 05, 2013 4:29:37 PM org.apache.solr.handler.component.SearchHandler inform
INFO: Adding  component:org.apache.solr.handler.component.QueryComponent@39d3da65
Oct 05, 2013 4:29:37 PM org.apache.solr.handler.component.SearchHandler inform
INFO: Adding  component:org.apache.solr.handler.component.FacetComponent@3a73a8c
Oct 05, 2013 4:29:37 PM org.apache.solr.handler.component.SearchHandler inform
INFO: Adding  component:org.apache.solr.handler.component.MoreLikeThisComponent@57f4bf33
Oct 05, 2013 4:29:37 PM org.apache.solr.handler.component.SearchHandler inform
INFO: Adding  component:org.apache.solr.handler.component.HighlightComponent@534da62
Oct 05, 2013 4:29:37 PM org.apache.solr.handler.component.SearchHandler inform
INFO: Adding  component:org.apache.solr.handler.component.StatsComponent@50ed5a99
Oct 05, 2013 4:29:37 PM org.apache.solr.handler.component.SearchHandler inform
INFO: Adding  debug component:org.apache.solr.handler.component.DebugComponent@ed71c51
Oct 05, 2013 4:29:37 PM org.apache.solr.handler.component.SearchHandler inform
INFO: Adding  component:org.apache.solr.handler.component.QueryComponent@39d3da65
Oct 05, 2013 4:29:37 PM org.apache.solr.handler.component.SearchHandler inform
INFO: Adding  component:org.apache.solr.handler.component.FacetComponent@3a73a8c
Oct 05, 2013 4:29:37 PM org.apache.solr.handler.component.SearchHandler inform
INFO: Adding  component:org.apache.solr.handler.component.MoreLikeThisComponent@57f4bf33
Oct 05, 2013 4:29:37 PM org.apache.solr.handler.component.SearchHandler inform
INFO: Adding  component:org.apache.solr.handler.component.HighlightComponent@534da62
Oct 05, 2013 4:29:37 PM org.apache.solr.handler.component.SearchHandler inform
INFO: Adding  component:org.apache.solr.handler.component.StatsComponent@50ed5a99
Oct 05, 2013 4:29:37 PM org.apache.solr.handler.component.SearchHandler inform
INFO: Adding  debug component:org.apache.solr.handler.component.DebugComponent@ed71c51
Oct 05, 2013 4:29:37 PM org.apache.solr.handler.component.SearchHandler inform
INFO: Adding  component:org.apache.solr.handler.component.QueryComponent@39d3da65
Oct 05, 2013 4:29:37 PM org.apache.solr.handler.component.SearchHandler inform
INFO: Adding  component:org.apache.solr.handler.component.FacetComponent@3a73a8c
Oct 05, 2013 4:29:37 PM org.apache.solr.handler.component.SearchHandler inform
INFO: Adding  component:org.apache.solr.handler.component.MoreLikeThisComponent@57f4bf33
Oct 05, 2013 4:29:37 PM org.apache.solr.handler.component.SearchHandler inform
INFO: Adding  component:org.apache.solr.handler.component.HighlightComponent@534da62
Oct 05, 2013 4:29:37 PM org.apache.solr.handler.component.SearchHandler inform
INFO: Adding  component:org.apache.solr.handler.component.StatsComponent@50ed5a99
Oct 05, 2013 4:29:37 PM org.apache.solr.handler.component.SearchHandler inform
INFO: Adding  component:org.apache.solr.handler.component.SpellCheckComponent@4c841173
Oct 05, 2013 4:29:37 PM org.apache.solr.handler.component.SearchHandler inform
INFO: Adding  debug component:org.apache.solr.handler.component.DebugComponent@ed71c51
Oct 05, 2013 4:29:37 PM org.apache.solr.handler.component.SearchHandler inform
INFO: Adding  component:org.apache.solr.handler.component.QueryComponent@39d3da65
Oct 05, 2013 4:29:37 PM org.apache.solr.handler.component.SearchHandler inform
INFO: Adding  component:org.apache.solr.handler.component.FacetComponent@3a73a8c
Oct 05, 2013 4:29:37 PM org.apache.solr.handler.component.SearchHandler inform
INFO: Adding  component:org.apache.solr.handler.component.MoreLikeThisComponent@57f4bf33
Oct 05, 2013 4:29:37 PM org.apache.solr.handler.component.SearchHandler inform
INFO: Adding  component:org.apache.solr.handler.component.HighlightComponent@534da62
Oct 05, 2013 4:29:37 PM org.apache.solr.handler.component.SearchHandler inform
INFO: Adding  component:org.apache.solr.handler.component.StatsComponent@50ed5a99
Oct 05, 2013 4:29:37 PM org.apache.solr.handler.component.SearchHandler inform
INFO: Adding  component:org.apache.solr.handler.component.TermVectorComponent@7295bc43
Oct 05, 2013 4:29:37 PM org.apache.solr.handler.component.SearchHandler inform
INFO: Adding  debug component:org.apache.solr.handler.component.DebugComponent@ed71c51
Oct 05, 2013 4:29:37 PM org.apache.solr.handler.component.SearchHandler inform
INFO: Adding  component:org.apache.solr.handler.component.TermsComponent@447b0d7a
Oct 05, 2013 4:29:37 PM org.apache.solr.core.QuerySenderListener newSearcher
INFO: QuerySenderListener sending requests to Searcher@77aa13c5 main
Oct 05, 2013 4:29:37 PM org.apache.solr.core.CoreContainer register
INFO: registering core: 
Oct 05, 2013 4:29:37 PM org.apache.solr.servlet.SolrDispatchFilter init
INFO: user.dir=/Users/travispayne/.rvm/gems/ruby-2.0.0-p247/gems/sunspot_solr-2.0.0/solr
Oct 05, 2013 4:29:37 PM org.apache.solr.servlet.SolrDispatchFilter init
INFO: SolrDispatchFilter.init() done
Oct 05, 2013 4:29:37 PM org.apache.solr.core.SolrCore execute
INFO: [] webapp=null path=null params={start=0&event=firstSearcher&q=solr+rocks&rows=10} hits=0 status=0 QTime=47 
Oct 05, 2013 4:29:37 PM org.apache.solr.core.SolrCore execute
INFO: [] webapp=null path=null params={event=firstSearcher&q=static+firstSearcher+warming+query+from+solrconfig.xml} hits=0 status=0 QTime=1 
Oct 05, 2013 4:29:37 PM org.apache.solr.core.QuerySenderListener newSearcher
INFO: QuerySenderListener done.
Oct 05, 2013 4:29:37 PM org.apache.solr.handler.component.SpellCheckComponent$SpellCheckerListener newSearcher
INFO: Loading spell index for spellchecker: default
Oct 05, 2013 4:29:37 PM org.apache.solr.core.SolrCore registerSearcher
INFO: [] Registered new searcher Searcher@77aa13c5 main
Oct 05, 2013 4:29:37 PM org.apache.solr.servlet.SolrServlet init
INFO: SolrServlet.init()
Oct 05, 2013 4:29:37 PM org.apache.solr.core.SolrResourceLoader locateSolrHome
INFO: JNDI not configured for solr (NoInitialContextEx)
Oct 05, 2013 4:29:37 PM org.apache.solr.core.SolrResourceLoader locateSolrHome
INFO: using system property solr.solr.home: /Users/travispayne/Sites/ruby/test_tracker/solr
Oct 05, 2013 4:29:37 PM org.apache.solr.servlet.SolrServlet init
INFO: SolrServlet.init() done
Oct 05, 2013 4:29:37 PM org.apache.solr.core.SolrResourceLoader locateSolrHome
INFO: JNDI not configured for solr (NoInitialContextEx)
Oct 05, 2013 4:29:37 PM org.apache.solr.core.SolrResourceLoader locateSolrHome
INFO: using system property solr.solr.home: /Users/travispayne/Sites/ruby/test_tracker/solr
Oct 05, 2013 4:29:37 PM org.apache.solr.servlet.SolrUpdateServlet init
INFO: SolrUpdateServlet.init() done
Oct 05, 2013 4:30:52 PM org.apache.solr.core.SolrDeletionPolicy onInit
INFO: SolrDeletionPolicy.onInit: commits:num=1
	commit{dir=/Users/travispayne/Sites/ruby/test_tracker/solr/data/development/index,segFN=segments_1,version=1381008577372,generation=1,filenames=[segments_1]
Oct 05, 2013 4:30:52 PM org.apache.solr.core.SolrDeletionPolicy updateCommits
INFO: newest commit = 1381008577372
Oct 05, 2013 4:30:52 PM org.apache.solr.update.processor.LogUpdateProcessor finish
INFO: {deleteByQuery=type:Record} 0 44
Oct 05, 2013 4:30:52 PM org.apache.solr.core.SolrCore execute
INFO: [] webapp=/solr path=/update params={wt=ruby} status=0 QTime=44 
Oct 05, 2013 4:32:04 PM org.apache.solr.update.processor.LogUpdateProcessor finish
INFO: {deleteByQuery=type:Record} 0 1
Oct 05, 2013 4:32:04 PM org.apache.solr.core.SolrCore execute
INFO: [] webapp=/solr path=/update params={wt=ruby} status=0 QTime=1 
Oct 05, 2013 4:36:00 PM org.apache.solr.update.processor.LogUpdateProcessor finish
INFO: {deleteByQuery=type:Record} 0 1
Oct 05, 2013 4:36:00 PM org.apache.solr.core.SolrCore execute
INFO: [] webapp=/solr path=/update params={wt=ruby} status=0 QTime=1 
Oct 05, 2013 4:45:28 PM org.apache.solr.update.processor.LogUpdateProcessor finish
INFO: {deleteByQuery=type:Client} 0 1
Oct 05, 2013 4:45:28 PM org.apache.solr.core.SolrCore execute
INFO: [] webapp=/solr path=/update params={wt=ruby} status=0 QTime=1 
Oct 05, 2013 4:45:28 PM org.apache.solr.update.processor.LogUpdateProcessor finish
INFO: {add=[Client 1]} 0 26
Oct 05, 2013 4:45:28 PM org.apache.solr.core.SolrCore execute
INFO: [] webapp=/solr path=/update params={wt=ruby} status=0 QTime=26 
Oct 05, 2013 4:45:28 PM org.apache.solr.update.DirectUpdateHandler2 commit
INFO: start commit(optimize=false,waitFlush=false,waitSearcher=true,expungeDeletes=false)
Oct 05, 2013 4:45:28 PM org.apache.solr.core.SolrDeletionPolicy onCommit
INFO: SolrDeletionPolicy.onCommit: commits:num=2
	commit{dir=/Users/travispayne/Sites/ruby/test_tracker/solr/data/development/index,segFN=segments_1,version=1381008577372,generation=1,filenames=[segments_1]
	commit{dir=/Users/travispayne/Sites/ruby/test_tracker/solr/data/development/index,segFN=segments_2,version=1381008577374,generation=2,filenames=[_0.tis, _0.nrm, _0.fnm, _0.tii, _0.frq, segments_2, _0.fdx, _0.prx, _0.fdt]
Oct 05, 2013 4:45:28 PM org.apache.solr.core.SolrDeletionPolicy updateCommits
INFO: newest commit = 1381008577374
Oct 05, 2013 4:45:28 PM org.apache.solr.search.SolrIndexSearcher <init>
INFO: Opening Searcher@aaa3d58 main
Oct 05, 2013 4:45:28 PM org.apache.solr.update.DirectUpdateHandler2 commit
INFO: end_commit_flush
Oct 05, 2013 4:45:28 PM org.apache.solr.search.SolrIndexSearcher warm
INFO: autowarming Searcher@aaa3d58 main from Searcher@77aa13c5 main
	fieldValueCache{lookups=0,hits=0,hitratio=0.00,inserts=0,evictions=0,size=0,warmupTime=0,cumulative_lookups=0,cumulative_hits=0,cumulative_hitratio=0.00,cumulative_inserts=0,cumulative_evictions=0}
Oct 05, 2013 4:45:28 PM org.apache.solr.search.SolrIndexSearcher warm
INFO: autowarming result for Searcher@aaa3d58 main
	fieldValueCache{lookups=0,hits=0,hitratio=0.00,inserts=0,evictions=0,size=0,warmupTime=0,cumulative_lookups=0,cumulative_hits=0,cumulative_hitratio=0.00,cumulative_inserts=0,cumulative_evictions=0}
Oct 05, 2013 4:45:28 PM org.apache.solr.search.SolrIndexSearcher warm
INFO: autowarming Searcher@aaa3d58 main from Searcher@77aa13c5 main
	filterCache{lookups=0,hits=0,hitratio=0.00,inserts=0,evictions=0,size=0,warmupTime=0,cumulative_lookups=0,cumulative_hits=0,cumulative_hitratio=0.00,cumulative_inserts=0,cumulative_evictions=0}
Oct 05, 2013 4:45:28 PM org.apache.solr.search.SolrIndexSearcher warm
INFO: autowarming result for Searcher@aaa3d58 main
	filterCache{lookups=0,hits=0,hitratio=0.00,inserts=0,evictions=0,size=0,warmupTime=0,cumulative_lookups=0,cumulative_hits=0,cumulative_hitratio=0.00,cumulative_inserts=0,cumulative_evictions=0}
Oct 05, 2013 4:45:28 PM org.apache.solr.search.SolrIndexSearcher warm
INFO: autowarming Searcher@aaa3d58 main from Searcher@77aa13c5 main
	queryResultCache{lookups=0,hits=0,hitratio=0.00,inserts=2,evictions=0,size=2,warmupTime=0,cumulative_lookups=0,cumulative_hits=0,cumulative_hitratio=0.00,cumulative_inserts=0,cumulative_evictions=0}
Oct 05, 2013 4:45:28 PM org.apache.solr.search.SolrIndexSearcher warm
INFO: autowarming result for Searcher@aaa3d58 main
	queryResultCache{lookups=0,hits=0,hitratio=0.00,inserts=0,evictions=0,size=0,warmupTime=0,cumulative_lookups=0,cumulative_hits=0,cumulative_hitratio=0.00,cumulative_inserts=0,cumulative_evictions=0}
Oct 05, 2013 4:45:28 PM org.apache.solr.search.SolrIndexSearcher warm
INFO: autowarming Searcher@aaa3d58 main from Searcher@77aa13c5 main
	documentCache{lookups=0,hits=0,hitratio=0.00,inserts=0,evictions=0,size=0,warmupTime=0,cumulative_lookups=0,cumulative_hits=0,cumulative_hitratio=0.00,cumulative_inserts=0,cumulative_evictions=0}
Oct 05, 2013 4:45:28 PM org.apache.solr.search.SolrIndexSearcher warm
INFO: autowarming result for Searcher@aaa3d58 main
	documentCache{lookups=0,hits=0,hitratio=0.00,inserts=0,evictions=0,size=0,warmupTime=0,cumulative_lookups=0,cumulative_hits=0,cumulative_hitratio=0.00,cumulative_inserts=0,cumulative_evictions=0}
Oct 05, 2013 4:45:28 PM org.apache.solr.core.QuerySenderListener newSearcher
INFO: QuerySenderListener sending requests to Searcher@aaa3d58 main
Oct 05, 2013 4:45:28 PM org.apache.solr.core.QuerySenderListener newSearcher
INFO: QuerySenderListener done.
Oct 05, 2013 4:45:28 PM org.apache.solr.core.SolrCore registerSearcher
INFO: [] Registered new searcher Searcher@aaa3d58 main
Oct 05, 2013 4:45:28 PM org.apache.solr.search.SolrIndexSearcher close
INFO: Closing Searcher@77aa13c5 main
	fieldValueCache{lookups=0,hits=0,hitratio=0.00,inserts=0,evictions=0,size=0,warmupTime=0,cumulative_lookups=0,cumulative_hits=0,cumulative_hitratio=0.00,cumulative_inserts=0,cumulative_evictions=0}
	filterCache{lookups=0,hits=0,hitratio=0.00,inserts=0,evictions=0,size=0,warmupTime=0,cumulative_lookups=0,cumulative_hits=0,cumulative_hitratio=0.00,cumulative_inserts=0,cumulative_evictions=0}
	queryResultCache{lookups=0,hits=0,hitratio=0.00,inserts=2,evictions=0,size=2,warmupTime=0,cumulative_lookups=0,cumulative_hits=0,cumulative_hitratio=0.00,cumulative_inserts=0,cumulative_evictions=0}
	documentCache{lookups=0,hits=0,hitratio=0.00,inserts=0,evictions=0,size=0,warmupTime=0,cumulative_lookups=0,cumulative_hits=0,cumulative_hitratio=0.00,cumulative_inserts=0,cumulative_evictions=0}
Oct 05, 2013 4:45:28 PM org.apache.solr.update.processor.LogUpdateProcessor finish
INFO: {commit=} 0 179
Oct 05, 2013 4:45:28 PM org.apache.solr.core.SolrCore execute
INFO: [] webapp=/solr path=/update params={wt=ruby} status=0 QTime=179 
Oct 05, 2013 4:45:28 PM org.apache.solr.core.SolrDeletionPolicy onInit
INFO: SolrDeletionPolicy.onInit: commits:num=1
	commit{dir=/Users/travispayne/Sites/ruby/test_tracker/solr/data/development/index,segFN=segments_2,version=1381008577374,generation=2,filenames=[_0.tis, _0.nrm, _0.fnm, _0.tii, _0.frq, segments_2, _0.fdx, _0.prx, _0.fdt]
Oct 05, 2013 4:45:28 PM org.apache.solr.core.SolrDeletionPolicy updateCommits
INFO: newest commit = 1381008577374
Oct 05, 2013 4:45:28 PM org.apache.solr.update.processor.LogUpdateProcessor finish
INFO: {deleteByQuery=type:Record} 0 4
Oct 05, 2013 4:45:28 PM org.apache.solr.core.SolrCore execute
INFO: [] webapp=/solr path=/update params={wt=ruby} status=0 QTime=4 
